Performing C SOURCE FILE Test CMAKE_HAVE_LIBC_PTHREAD failed with the following output:
Change Dir: /home/sjtu/code/robomaster/ObjectService_ws/build/CMakeFiles/CMakeTmp

Run Build Command(s):/usr/bin/make cmTC_6e2f7/fast && /usr/bin/make -f CMakeFiles/cmTC_6e2f7.dir/build.make CMakeFiles/cmTC_6e2f7.dir/build
make[1]: Entering directory '/home/sjtu/code/robomaster/ObjectService_ws/build/CMakeFiles/CMakeTmp'
Building C object CMakeFiles/cmTC_6e2f7.dir/src.c.o
/usr/bin/cc   -DCMAKE_HAVE_LIBC_PTHREAD   -o CMakeFiles/cmTC_6e2f7.dir/src.c.o   -c /home/sjtu/code/robomaster/ObjectService_ws/build/CMakeFiles/CMakeTmp/src.c
Linking C executable cmTC_6e2f7
/usr/bin/cmake -E cmake_link_script CMakeFiles/cmTC_6e2f7.dir/link.txt --verbose=1
/usr/bin/cc  -DCMAKE_HAVE_LIBC_PTHREAD    -rdynamic CMakeFiles/cmTC_6e2f7.dir/src.c.o  -o cmTC_6e2f7 
/usr/bin/ld: CMakeFiles/cmTC_6e2f7.dir/src.c.o: in function `main':
src.c:(.text+0x46): undefined reference to `pthread_create'
/usr/bin/ld: src.c:(.text+0x52): undefined reference to `pthread_detach'
/usr/bin/ld: src.c:(.text+0x63): undefined reference to `pthread_join'
collect2: error: ld returned 1 exit status
make[1]: *** [CMakeFiles/cmTC_6e2f7.dir/build.make:87: cmTC_6e2f7] Error 1
make[1]: Leaving directory '/home/sjtu/code/robomaster/ObjectService_ws/build/CMakeFiles/CMakeTmp'
make: *** [Makefile:121: cmTC_6e2f7/fast] Error 2


Source file was:
#include <pthread.h>

void* test_func(void* data)
{
  return data;
}

int main(void)
{
  pthread_t thread;
  pthread_create(&thread, NULL, test_func, NULL);
  pthread_detach(thread);
  pthread_join(thread, NULL);
  pthread_atfork(NULL, NULL, NULL);
  pthread_exit(NULL);

  return 0;
}

Determining if the function pthread_create exists in the pthreads failed with the following output:
Change Dir: /home/sjtu/code/robomaster/ObjectService_ws/build/CMakeFiles/CMakeTmp

Run Build Command(s):/usr/bin/make cmTC_44f9b/fast && /usr/bin/make -f CMakeFiles/cmTC_44f9b.dir/build.make CMakeFiles/cmTC_44f9b.dir/build
make[1]: Entering directory '/home/sjtu/code/robomaster/ObjectService_ws/build/CMakeFiles/CMakeTmp'
Building C object CMakeFiles/cmTC_44f9b.dir/CheckFunctionExists.c.o
/usr/bin/cc   -DCHECK_FUNCTION_EXISTS=pthread_create   -o CMakeFiles/cmTC_44f9b.dir/CheckFunctionExists.c.o   -c /usr/share/cmake-3.16/Modules/CheckFunctionExists.c
Linking C executable cmTC_44f9b
/usr/bin/cmake -E cmake_link_script CMakeFiles/cmTC_44f9b.dir/link.txt --verbose=1
/usr/bin/cc  -DCHECK_FUNCTION_EXISTS=pthread_create    -rdynamic CMakeFiles/cmTC_44f9b.dir/CheckFunctionExists.c.o  -o cmTC_44f9b  -lpthreads 
/usr/bin/ld: cannot find -lpthreads
collect2: error: ld returned 1 exit status
make[1]: *** [CMakeFiles/cmTC_44f9b.dir/build.make:87: cmTC_44f9b] Error 1
make[1]: Leaving directory '/home/sjtu/code/robomaster/ObjectService_ws/build/CMakeFiles/CMakeTmp'
make: *** [Makefile:121: cmTC_44f9b/fast] Error 2



Performing C SOURCE FILE Test CMAKE_HAVE_LIBC_PTHREAD failed with the following output:
Change Dir: /home/sjtu/code/robomaster/ObjectService_ws/build/CMakeFiles/CMakeTmp

Run Build Command(s):/usr/bin/make cmTC_cdd91/fast && make[1]: Entering directory '/home/sjtu/code/robomaster/ObjectService_ws/build/CMakeFiles/CMakeTmp'
/usr/bin/make -f CMakeFiles/cmTC_cdd91.dir/build.make CMakeFiles/cmTC_cdd91.dir/build
make[2]: Entering directory '/home/sjtu/code/robomaster/ObjectService_ws/build/CMakeFiles/CMakeTmp'
Building C object CMakeFiles/cmTC_cdd91.dir/src.c.o
/usr/bin/cc   -DCMAKE_HAVE_LIBC_PTHREAD   -o CMakeFiles/cmTC_cdd91.dir/src.c.o   -c /home/sjtu/code/robomaster/ObjectService_ws/build/CMakeFiles/CMakeTmp/src.c
Linking C executable cmTC_cdd91
/usr/bin/cmake -E cmake_link_script CMakeFiles/cmTC_cdd91.dir/link.txt --verbose=1
/usr/bin/cc  -DCMAKE_HAVE_LIBC_PTHREAD    -rdynamic CMakeFiles/cmTC_cdd91.dir/src.c.o  -o cmTC_cdd91 
/usr/bin/ld: CMakeFiles/cmTC_cdd91.dir/src.c.o: in function `main':
src.c:(.text+0x46): undefined reference to `pthread_create'
/usr/bin/ld: src.c:(.text+0x52): undefined reference to `pthread_detach'
/usr/bin/ld: src.c:(.text+0x63): undefined reference to `pthread_join'
collect2: error: ld returned 1 exit status
make[2]: *** [CMakeFiles/cmTC_cdd91.dir/build.make:87: cmTC_cdd91] Error 1
make[2]: Leaving directory '/home/sjtu/code/robomaster/ObjectService_ws/build/CMakeFiles/CMakeTmp'
make[1]: *** [Makefile:121: cmTC_cdd91/fast] Error 2
make[1]: Leaving directory '/home/sjtu/code/robomaster/ObjectService_ws/build/CMakeFiles/CMakeTmp'


Source file was:
#include <pthread.h>

void* test_func(void* data)
{
  return data;
}

int main(void)
{
  pthread_t thread;
  pthread_create(&thread, NULL, test_func, NULL);
  pthread_detach(thread);
  pthread_join(thread, NULL);
  pthread_atfork(NULL, NULL, NULL);
  pthread_exit(NULL);

  return 0;
}

Determining if the function pthread_create exists in the pthreads failed with the following output:
Change Dir: /home/sjtu/code/robomaster/ObjectService_ws/build/CMakeFiles/CMakeTmp

Run Build Command(s):/usr/bin/make cmTC_047c8/fast && make[1]: Entering directory '/home/sjtu/code/robomaster/ObjectService_ws/build/CMakeFiles/CMakeTmp'
/usr/bin/make -f CMakeFiles/cmTC_047c8.dir/build.make CMakeFiles/cmTC_047c8.dir/build
make[2]: Entering directory '/home/sjtu/code/robomaster/ObjectService_ws/build/CMakeFiles/CMakeTmp'
Building C object CMakeFiles/cmTC_047c8.dir/CheckFunctionExists.c.o
/usr/bin/cc   -DCHECK_FUNCTION_EXISTS=pthread_create   -o CMakeFiles/cmTC_047c8.dir/CheckFunctionExists.c.o   -c /usr/share/cmake-3.16/Modules/CheckFunctionExists.c
Linking C executable cmTC_047c8
/usr/bin/cmake -E cmake_link_script CMakeFiles/cmTC_047c8.dir/link.txt --verbose=1
/usr/bin/cc  -DCHECK_FUNCTION_EXISTS=pthread_create    -rdynamic CMakeFiles/cmTC_047c8.dir/CheckFunctionExists.c.o  -o cmTC_047c8  -lpthreads 
/usr/bin/ld: cannot find -lpthreads
collect2: error: ld returned 1 exit status
make[2]: *** [CMakeFiles/cmTC_047c8.dir/build.make:87: cmTC_047c8] Error 1
make[2]: Leaving directory '/home/sjtu/code/robomaster/ObjectService_ws/build/CMakeFiles/CMakeTmp'
make[1]: *** [Makefile:121: cmTC_047c8/fast] Error 2
make[1]: Leaving directory '/home/sjtu/code/robomaster/ObjectService_ws/build/CMakeFiles/CMakeTmp'



